<?xml version="1.0" encoding="UTF-8"?>
<testsuite name="models.PostTest" tests="2" skipped="0" failures="0" errors="0" timestamp="2020-07-01T10:09:53" hostname="gideon-HP-EliteBook-Folio-9480m" time="0.007">
  <properties/>
  <testcase name="PostInstantiatesWithContent_true" classname="models.PostTest" time="0.006"/>
  <testcase name="NewPostObjectGetsCorrectlyCreated_true" classname="models.PostTest" time="0.0"/>
  <system-out><![CDATA[]]></system-out>
  <system-err><![CDATA[]]></system-err>
</testsuite>
